#
# There is insufficient memory for the Java Runtime Environment to continue.
# Native memory allocation (mmap) failed to map 106954752 bytes for G1 virtual space
# Possible reasons:
#   The system is out of physical RAM or swap space
#   The process is running with CompressedOops enabled, and the Java Heap may be blocking the growth of the native heap
# Possible solutions:
#   Reduce memory load on the system
#   Increase physical memory or swap space
#   Check if swap backing store is full
#   Decrease Java heap size (-Xmx/-Xms)
#   Decrease number of Java threads
#   Decrease Java thread stack sizes (-Xss)
#   Set larger code cache with -XX:ReservedCodeCacheSize=
#   JVM is running with Unscaled Compressed Oops mode in which the Java heap is
#     placed in the first 4GB address space. The Java Heap base address is the
#     maximum limit for the native heap growth. Please use -XX:HeapBaseMinAddress
#     to set the Java Heap base and to place the Java Heap above 4GB virtual address.
# This output file may be truncated or incomplete.
#
#  Out of Memory Error (os_windows.cpp:3466), pid=9736, tid=11396
#
# JRE version: Java(TM) SE Runtime Environment (16.0+36) (build 16+36-2231)
# Java VM: Java HotSpot(TM) 64-Bit Server VM (16+36-2231, mixed mode, sharing, tiered, compressed oops, g1 gc, windows-amd64)
# No core dump will be written. Minidumps are not enabled by default on client versions of Windows
#

---------------  S U M M A R Y ------------

Command Line: -javaagent:C:\Program Files\JetBrains\IntelliJ IDEA Community Edition 2020.3.3\lib\idea_rt.jar=6757:C:\Program Files\JetBrains\IntelliJ IDEA Community Edition 2020.3.3\bin -Dfile.encoding=UTF-8 peersim.Simulator example/experiment1.conf

Host: Intel(R) Core(TM) i5-4460  CPU @ 3.20GHz, 4 cores, 7G,  Windows 10 , 64 bit Build 19041 (10.0.19041.928)
Time: Sun Jun  6 17:37:24 2021 W. Europe Summer Time elapsed time: 3.063935 seconds (0d 0h 0m 3s)

---------------  T H R E A D  ---------------

Current thread (0x0000020633d74c10):  VMThread "VM Thread" [stack: 0x0000005bb5300000,0x0000005bb5400000] [id=11396]

Stack: [0x0000005bb5300000,0x0000005bb5400000]
Native frames: (J=compiled Java code, j=interpreted, Vv=VM code, C=native code)
V  [jvm.dll+0x6681da]
V  [jvm.dll+0x7c9d99]
V  [jvm.dll+0x7cb4d3]
V  [jvm.dll+0x7cbb33]
V  [jvm.dll+0x242ee5]
V  [jvm.dll+0x664f99]
V  [jvm.dll+0x659b85]
V  [jvm.dll+0x2fbfcb]
V  [jvm.dll+0x3031c6]
V  [jvm.dll+0x352a0e]
V  [jvm.dll+0x352c3f]
V  [jvm.dll+0x2d3038]
V  [jvm.dll+0x2d0bc5]
V  [jvm.dll+0x2d01fc]
V  [jvm.dll+0x3152e2]
V  [jvm.dll+0x7cff2b]
V  [jvm.dll+0x7d0c24]
V  [jvm.dll+0x7d1129]
V  [jvm.dll+0x7d13e4]
V  [jvm.dll+0x7d14b0]
V  [jvm.dll+0x77952a]
V  [jvm.dll+0x667076]
C  [ucrtbase.dll+0x21bb2]
C  [KERNEL32.DLL+0x17034]
C  [ntdll.dll+0x52651]

VM_Operation (0x0000005bb4dff070): G1CollectForAllocation, mode: safepoint, requested by thread 0x00000206166ac9b0


---------------  P R O C E S S  ---------------

Threads class SMR info:
_java_thread_list=0x0000020634aba060, length=13, elements={
0x00000206166ac9b0, 0x0000020633d7c2c0, 0x0000020633d7cec0, 0x0000020633d89860,
0x0000020633d8c180, 0x0000020633d8cb80, 0x0000020633d8d580, 0x0000020633d902c0,
0x0000020633df6c10, 0x0000020633dfb6a0, 0x000002063485a090, 0x0000020634904c80,
0x0000020634971bd0
}

Java Threads: ( => current thread )
  0x00000206166ac9b0 JavaThread "main" [_thread_blocked, id=14836, stack(0x0000005bb4d00000,0x0000005bb4e00000)]
  0x0000020633d7c2c0 JavaThread "Reference Handler" daemon [_thread_blocked, id=12052, stack(0x0000005bb5400000,0x0000005bb5500000)]
  0x0000020633d7cec0 JavaThread "Finalizer" daemon [_thread_blocked, id=21408, stack(0x0000005bb5500000,0x0000005bb5600000)]
  0x0000020633d89860 JavaThread "Signal Dispatcher" daemon [_thread_blocked, id=18048, stack(0x0000005bb5600000,0x0000005bb5700000)]
  0x0000020633d8c180 JavaThread "Attach Listener" daemon [_thread_blocked, id=23804, stack(0x0000005bb5700000,0x0000005bb5800000)]
  0x0000020633d8cb80 JavaThread "Service Thread" daemon [_thread_blocked, id=16600, stack(0x0000005bb5800000,0x0000005bb5900000)]
  0x0000020633d8d580 JavaThread "Monitor Deflation Thread" daemon [_thread_blocked, id=16620, stack(0x0000005bb5900000,0x0000005bb5a00000)]
  0x0000020633d902c0 JavaThread "C2 CompilerThread0" daemon [_thread_blocked, id=18660, stack(0x0000005bb5a00000,0x0000005bb5b00000)]
  0x0000020633df6c10 JavaThread "C1 CompilerThread0" daemon [_thread_blocked, id=7112, stack(0x0000005bb5b00000,0x0000005bb5c00000)]
  0x0000020633dfb6a0 JavaThread "Sweeper thread" daemon [_thread_blocked, id=23700, stack(0x0000005bb5c00000,0x0000005bb5d00000)]
  0x000002063485a090 JavaThread "Common-Cleaner" daemon [_thread_blocked, id=12940, stack(0x0000005bb5d00000,0x0000005bb5e00000)]
  0x0000020634904c80 JavaThread "Monitor Ctrl-Break" daemon [_thread_in_native, id=3888, stack(0x0000005bb5e00000,0x0000005bb5f00000)]
  0x0000020634971bd0 JavaThread "Notification Thread" daemon [_thread_blocked, id=15232, stack(0x0000005bb5f00000,0x0000005bb6000000)]

Other Threads:
=>0x0000020633d74c10 VMThread "VM Thread" [stack: 0x0000005bb5300000,0x0000005bb5400000] [id=11396]
  0x0000020634973510 WatcherThread [stack: 0x0000005bb6000000,0x0000005bb6100000] [id=16580]
  0x00000206166ed7e0 GCTaskThread "GC Thread#0" [stack: 0x0000005bb4e00000,0x0000005bb4f00000] [id=80]
  0x0000020634aae210 GCTaskThread "GC Thread#1" [stack: 0x0000005bb6200000,0x0000005bb6300000] [id=19920]
  0x0000020634bf7790 GCTaskThread "GC Thread#2" [stack: 0x0000005bb6300000,0x0000005bb6400000] [id=17740]
  0x0000020634ab7e40 GCTaskThread "GC Thread#3" [stack: 0x0000005bb6400000,0x0000005bb6500000] [id=10032]
  0x00000206166ff530 ConcurrentGCThread "G1 Main Marker" [stack: 0x0000005bb4f00000,0x0000005bb5000000] [id=3788]
  0x0000020616700900 ConcurrentGCThread "G1 Conc#0" [stack: 0x0000005bb5000000,0x0000005bb5100000] [id=6820]
  0x0000020616775b30 ConcurrentGCThread "G1 Refine#0" [stack: 0x0000005bb5100000,0x0000005bb5200000] [id=6580]
  0x0000020634ab8150 ConcurrentGCThread "G1 Refine#1" [stack: 0x0000005bb6500000,0x0000005bb6600000] [id=12900]
  0x0000020634bca960 ConcurrentGCThread "G1 Refine#2" [stack: 0x0000005bb6600000,0x0000005bb6700000] [id=8968]
  0x0000020634cad6a0 ConcurrentGCThread "G1 Refine#3" [stack: 0x0000005bb6800000,0x0000005bb6900000] [id=17764]
  0x0000020616778de0 ConcurrentGCThread "G1 Service" [stack: 0x0000005bb5200000,0x0000005bb5300000] [id=1404]

Threads with active compile tasks:

VM state: at safepoint (normal execution)

VM Mutex/Monitor currently owned by a thread:  ([mutex/lock_event])
[0x00000206166a9aa0] Threads_lock - owner thread: 0x0000020633d74c10
[0x00000206166a9fb0] Heap_lock - owner thread: 0x00000206166ac9b0

Heap address: 0x0000000082000000, size: 2016 MB, Compressed Oops mode: 32-bit
CDS archive(s) mapped at: [0x0000000800000000-0x0000000800bb0000-0x0000000800bb0000), size 12255232, SharedBaseAddress: 0x0000000800000000, ArchiveRelocationMode: 0.
Compressed class space mapped at: 0x0000000800c00000-0x0000000840c00000, reserved size: 1073741824
Narrow klass base: 0x0000000800000000, Narrow klass shift: 3, Narrow klass range: 0x100000000

GC Precious Log:
 CPUs: 4 total, 4 available
 Memory: 8057M
 Large Page Support: Disabled
 NUMA Support: Disabled
 Compressed Oops: Enabled (32-bit)
 Heap Region Size: 1M
 Heap Min Capacity: 8M
 Heap Initial Capacity: 126M
 Heap Max Capacity: 2016M
 Pre-touch: Disabled
 Parallel Workers: 4
 Concurrent Workers: 1
 Concurrent Refinement Workers: 4
 Periodic GC: Disabled

Heap:
 garbage-first heap   total 183296K, used 20932K [0x0000000082000000, 0x0000000100000000)
  region size 1024K, 3 young (3072K), 3 survivors (3072K)
 Metaspace       used 2179K, committed 2368K, reserved 1056768K
  class space    used 187K, committed 256K, reserved 1048576K

Heap Regions: E=young(eden), S=young(survivor), O=old, HS=humongous(starts), HC=humongous(continues), CS=collection set, F=free, OA=open archive, CA=closed archive, TAMS=top-at-mark-start (previous, next)
|   0|0x0000000082000000, 0x0000000082100000, 0x0000000082100000|100%| O|  |TAMS 0x0000000082000000, 0x0000000082000000| Untracked 
|   1|0x0000000082100000, 0x0000000082200000, 0x0000000082200000|100%| O|  |TAMS 0x0000000082100000, 0x0000000082100000| Untracked 
|   2|0x0000000082200000, 0x0000000082300000, 0x0000000082300000|100%| O|  |TAMS 0x0000000082200000, 0x0000000082200000| Untracked 
|   3|0x0000000082300000, 0x0000000082400000, 0x0000000082400000|100%| O|  |TAMS 0x0000000082300000, 0x0000000082300000| Untracked 
|   4|0x0000000082400000, 0x0000000082500000, 0x0000000082500000|100%| O|  |TAMS 0x0000000082400000, 0x0000000082400000| Untracked 
|   5|0x0000000082500000, 0x0000000082600000, 0x0000000082600000|100%| O|  |TAMS 0x0000000082500000, 0x0000000082500000| Untracked 
|   6|0x0000000082600000, 0x0000000082700000, 0x0000000082700000|100%| O|  |TAMS 0x0000000082600000, 0x0000000082600000| Untracked 
|   7|0x0000000082700000, 0x0000000082800000, 0x0000000082800000|100%| O|  |TAMS 0x0000000082700000, 0x0000000082700000| Untracked 
|   8|0x0000000082800000, 0x0000000082900000, 0x0000000082900000|100%| O|  |TAMS 0x0000000082800000, 0x0000000082800000| Untracked 
|   9|0x0000000082900000, 0x0000000082a00000, 0x0000000082a00000|100%| O|  |TAMS 0x0000000082900000, 0x0000000082900000| Untracked 
|  10|0x0000000082a00000, 0x0000000082b00000, 0x0000000082b00000|100%| O|  |TAMS 0x0000000082a00000, 0x0000000082a00000| Untracked 
|  11|0x0000000082b00000, 0x0000000082c00000, 0x0000000082c00000|100%| O|  |TAMS 0x0000000082b00000, 0x0000000082b00000| Untracked 
|  12|0x0000000082c00000, 0x0000000082d00000, 0x0000000082d00000|100%| O|  |TAMS 0x0000000082c00000, 0x0000000082c00000| Untracked 
|  13|0x0000000082d00000, 0x0000000082e00000, 0x0000000082e00000|100%| O|  |TAMS 0x0000000082d00000, 0x0000000082d00000| Untracked 
|  14|0x0000000082e00000, 0x0000000082f00000, 0x0000000082f00000|100%| O|  |TAMS 0x0000000082e00000, 0x0000000082e00000| Untracked 
|  15|0x0000000082f00000, 0x0000000083000000, 0x0000000083000000|100%| O|  |TAMS 0x0000000082f00000, 0x0000000082f00000| Untracked 
|  16|0x0000000083000000, 0x0000000083100000, 0x0000000083100000|100%| O|  |TAMS 0x0000000083000000, 0x0000000083000000| Untracked 
|  17|0x0000000083100000, 0x0000000083200000, 0x0000000083200000|100%| O|  |TAMS 0x0000000083100000, 0x0000000083100000| Untracked 
|  18|0x0000000083200000, 0x0000000083251000, 0x0000000083300000| 31%| O|  |TAMS 0x0000000083200000, 0x0000000083200000| Untracked 
|  19|0x0000000083300000, 0x0000000083300000, 0x0000000083400000|  0%| F|  |TAMS 0x0000000083300000, 0x0000000083300000| Untracked 
|  20|0x0000000083400000, 0x0000000083400000, 0x0000000083500000|  0%| F|  |TAMS 0x0000000083400000, 0x0000000083400000| Untracked 
|  21|0x0000000083500000, 0x0000000083500000, 0x0000000083600000|  0%| F|  |TAMS 0x0000000083500000, 0x0000000083500000| Untracked 
|  22|0x0000000083600000, 0x0000000083600000, 0x0000000083700000|  0%| F|  |TAMS 0x0000000083600000, 0x0000000083600000| Untracked 
|  23|0x0000000083700000, 0x0000000083700000, 0x0000000083800000|  0%| F|  |TAMS 0x0000000083700000, 0x0000000083700000| Untracked 
|  24|0x0000000083800000, 0x0000000083800000, 0x0000000083900000|  0%| F|  |TAMS 0x0000000083800000, 0x0000000083800000| Untracked 
|  25|0x0000000083900000, 0x0000000083900000, 0x0000000083a00000|  0%| F|  |TAMS 0x0000000083900000, 0x0000000083900000| Untracked 
|  26|0x0000000083a00000, 0x0000000083a00000, 0x0000000083b00000|  0%| F|  |TAMS 0x0000000083a00000, 0x0000000083a00000| Untracked 
|  27|0x0000000083b00000, 0x0000000083b00000, 0x0000000083c00000|  0%| F|  |TAMS 0x0000000083b00000, 0x0000000083b00000| Untracked 
|  28|0x0000000083c00000, 0x0000000083c00000, 0x0000000083d00000|  0%| F|  |TAMS 0x0000000083c00000, 0x0000000083c00000| Untracked 
|  29|0x0000000083d00000, 0x0000000083d00000, 0x0000000083e00000|  0%| F|  |TAMS 0x0000000083d00000, 0x0000000083d00000| Untracked 
|  30|0x0000000083e00000, 0x0000000083e00000, 0x0000000083f00000|  0%| F|  |TAMS 0x0000000083e00000, 0x0000000083e00000| Untracked 
|  31|0x0000000083f00000, 0x0000000083f00000, 0x0000000084000000|  0%| F|  |TAMS 0x0000000083f00000, 0x0000000083f00000| Untracked 
|  32|0x0000000084000000, 0x0000000084000000, 0x0000000084100000|  0%| F|  |TAMS 0x0000000084000000, 0x0000000084000000| Untracked 
|  33|0x0000000084100000, 0x0000000084100000, 0x0000000084200000|  0%| F|  |TAMS 0x0000000084100000, 0x0000000084100000| Untracked 
|  34|0x0000000084200000, 0x0000000084200000, 0x0000000084300000|  0%| F|  |TAMS 0x0000000084200000, 0x0000000084200000| Untracked 
|  35|0x0000000084300000, 0x0000000084300000, 0x0000000084400000|  0%| F|  |TAMS 0x0000000084300000, 0x0000000084300000| Untracked 
|  36|0x0000000084400000, 0x0000000084400000, 0x0000000084500000|  0%| F|  |TAMS 0x0000000084400000, 0x0000000084400000| Untracked 
|  37|0x0000000084500000, 0x0000000084500000, 0x0000000084600000|  0%| F|  |TAMS 0x0000000084500000, 0x0000000084500000| Untracked 
|  38|0x0000000084600000, 0x0000000084600000, 0x0000000084700000|  0%| F|  |TAMS 0x0000000084600000, 0x0000000084600000| Untracked 
|  39|0x0000000084700000, 0x0000000084700000, 0x0000000084800000|  0%| F|  |TAMS 0x0000000084700000, 0x0000000084700000| Untracked 
|  40|0x0000000084800000, 0x0000000084800000, 0x0000000084900000|  0%| F|  |TAMS 0x0000000084800000, 0x0000000084800000| Untracked 
|  41|0x0000000084900000, 0x0000000084900000, 0x0000000084a00000|  0%| F|  |TAMS 0x0000000084900000, 0x0000000084900000| Untracked 
|  42|0x0000000084a00000, 0x0000000084a00000, 0x0000000084b00000|  0%| F|  |TAMS 0x0000000084a00000, 0x0000000084a00000| Untracked 
|  43|0x0000000084b00000, 0x0000000084b00000, 0x0000000084c00000|  0%| F|  |TAMS 0x0000000084b00000, 0x0000000084b00000| Untracked 
|  44|0x0000000084c00000, 0x0000000084c00000, 0x0000000084d00000|  0%| F|  |TAMS 0x0000000084c00000, 0x0000000084c00000| Untracked 
|  45|0x0000000084d00000, 0x0000000084d00000, 0x0000000084e00000|  0%| F|  |TAMS 0x0000000084d00000, 0x0000000084d00000| Untracked 
|  46|0x0000000084e00000, 0x0000000084e00000, 0x0000000084f00000|  0%| F|  |TAMS 0x0000000084e00000, 0x0000000084e00000| Untracked 
|  47|0x0000000084f00000, 0x0000000084f00000, 0x0000000085000000|  0%| F|  |TAMS 0x0000000084f00000, 0x0000000084f00000| Untracked 
|  48|0x0000000085000000, 0x0000000085000000, 0x0000000085100000|  0%| F|  |TAMS 0x0000000085000000, 0x0000000085000000| Untracked 
|  49|0x0000000085100000, 0x0000000085100000, 0x0000000085200000|  0%| F|  |TAMS 0x0000000085100000, 0x0000000085100000| Untracked 
|  50|0x0000000085200000, 0x0000000085200000, 0x0000000085300000|  0%| F|  |TAMS 0x0000000085200000, 0x0000000085200000| Untracked 
|  51|0x0000000085300000, 0x0000000085300000, 0x0000000085400000|  0%| F|  |TAMS 0x0000000085300000, 0x0000000085300000| Untracked 
|  52|0x0000000085400000, 0x0000000085400000, 0x0000000085500000|  0%| F|  |TAMS 0x0000000085400000, 0x0000000085400000| Untracked 
|  53|0x0000000085500000, 0x0000000085500000, 0x0000000085600000|  0%| F|  |TAMS 0x0000000085500000, 0x0000000085500000| Untracked 
|  54|0x0000000085600000, 0x0000000085600000, 0x0000000085700000|  0%| F|  |TAMS 0x0000000085600000, 0x0000000085600000| Untracked 
|  55|0x0000000085700000, 0x0000000085700000, 0x0000000085800000|  0%| F|  |TAMS 0x0000000085700000, 0x0000000085700000| Untracked 
|  56|0x0000000085800000, 0x0000000085800000, 0x0000000085900000|  0%| F|  |TAMS 0x0000000085800000, 0x0000000085800000| Untracked 
|  57|0x0000000085900000, 0x0000000085900000, 0x0000000085a00000|  0%| F|  |TAMS 0x0000000085900000, 0x0000000085900000| Untracked 
|  58|0x0000000085a00000, 0x0000000085a00000, 0x0000000085b00000|  0%| F|  |TAMS 0x0000000085a00000, 0x0000000085a00000| Untracked 
|  59|0x0000000085b00000, 0x0000000085b00000, 0x0000000085c00000|  0%| F|  |TAMS 0x0000000085b00000, 0x0000000085b00000| Untracked 
|  60|0x0000000085c00000, 0x0000000085c00000, 0x0000000085d00000|  0%| F|  |TAMS 0x0000000085c00000, 0x0000000085c00000| Untracked 
|  61|0x0000000085d00000, 0x0000000085d00000, 0x0000000085e00000|  0%| F|  |TAMS 0x0000000085d00000, 0x0000000085d00000| Untracked 
|  62|0x0000000085e00000, 0x0000000085e00000, 0x0000000085f00000|  0%| F|  |TAMS 0x0000000085e00000, 0x0000000085e00000| Untracked 
|  63|0x0000000085f00000, 0x0000000085f00000, 0x0000000086000000|  0%| F|  |TAMS 0x0000000085f00000, 0x0000000085f00000| Untracked 
|  64|0x0000000086000000, 0x0000000086000000, 0x0000000086100000|  0%| F|  |TAMS 0x0000000086000000, 0x0000000086000000| Untracked 
|  65|0x0000000086100000, 0x0000000086100000, 0x0000000086200000|  0%| F|  |TAMS 0x0000000086100000, 0x0000000086100000| Untracked 
|  66|0x0000000086200000, 0x0000000086200000, 0x0000000086300000|  0%| F|  |TAMS 0x0000000086200000, 0x0000000086200000| Untracked 
|  67|0x0000000086300000, 0x0000000086300000, 0x0000000086400000|  0%| F|  |TAMS 0x0000000086300000, 0x0000000086300000| Untracked 
|  68|0x0000000086400000, 0x0000000086400000, 0x0000000086500000|  0%| F|  |TAMS 0x0000000086400000, 0x0000000086400000| Untracked 
|  69|0x0000000086500000, 0x0000000086500000, 0x0000000086600000|  0%| F|  |TAMS 0x0000000086500000, 0x0000000086500000| Untracked 
|  70|0x0000000086600000, 0x0000000086600000, 0x0000000086700000|  0%| F|  |TAMS 0x0000000086600000, 0x0000000086600000| Untracked 
|  71|0x0000000086700000, 0x0000000086700000, 0x0000000086800000|  0%| F|  |TAMS 0x0000000086700000, 0x0000000086700000| Untracked 
|  72|0x0000000086800000, 0x0000000086800000, 0x0000000086900000|  0%| F|  |TAMS 0x0000000086800000, 0x0000000086800000| Untracked 
|  73|0x0000000086900000, 0x0000000086900000, 0x0000000086a00000|  0%| F|  |TAMS 0x0000000086900000, 0x0000000086900000| Untracked 
|  74|0x0000000086a00000, 0x0000000086a00000, 0x0000000086b00000|  0%| F|  |TAMS 0x0000000086a00000, 0x0000000086a00000| Untracked 
|  75|0x0000000086b00000, 0x0000000086b00000, 0x0000000086c00000|  0%| F|  |TAMS 0x0000000086b00000, 0x0000000086b00000| Untracked 
|  76|0x0000000086c00000, 0x0000000086c00000, 0x0000000086d00000|  0%| F|  |TAMS 0x0000000086c00000, 0x0000000086c00000| Untracked 
|  77|0x0000000086d00000, 0x0000000086d00000, 0x0000000086e00000|  0%| F|  |TAMS 0x0000000086d00000, 0x0000000086d00000| Untracked 
|  78|0x0000000086e00000, 0x0000000086e00000, 0x0000000086f00000|  0%| F|  |TAMS 0x0000000086e00000, 0x0000000086e00000| Untracked 
|  79|0x0000000086f00000, 0x0000000086f00000, 0x0000000087000000|  0%| F|  |TAMS 0x0000000086f00000, 0x0000000086f00000| Untracked 
|  80|0x0000000087000000, 0x0000000087000000, 0x0000000087100000|  0%| F|  |TAMS 0x0000000087000000, 0x0000000087000000| Untracked 
|  81|0x0000000087100000, 0x0000000087100000, 0x0000000087200000|  0%| F|  |TAMS 0x0000000087100000, 0x0000000087100000| Untracked 
|  82|0x0000000087200000, 0x0000000087200000, 0x0000000087300000|  0%| F|  |TAMS 0x0000000087200000, 0x0000000087200000| Untracked 
|  83|0x0000000087300000, 0x0000000087300000, 0x0000000087400000|  0%| F|  |TAMS 0x0000000087300000, 0x0000000087300000| Untracked 
|  84|0x0000000087400000, 0x0000000087400000, 0x0000000087500000|  0%| F|  |TAMS 0x0000000087400000, 0x0000000087400000| Untracked 
|  85|0x0000000087500000, 0x0000000087500000, 0x0000000087600000|  0%| F|  |TAMS 0x0000000087500000, 0x0000000087500000| Untracked 
|  86|0x0000000087600000, 0x0000000087600000, 0x0000000087700000|  0%| F|  |TAMS 0x0000000087600000, 0x0000000087600000| Untracked 
|  87|0x0000000087700000, 0x0000000087700000, 0x0000000087800000|  0%| F|  |TAMS 0x0000000087700000, 0x0000000087700000| Untracked 
|  88|0x0000000087800000, 0x0000000087800000, 0x0000000087900000|  0%| F|  |TAMS 0x0000000087800000, 0x0000000087800000| Untracked 
|  89|0x0000000087900000, 0x0000000087900000, 0x0000000087a00000|  0%| F|  |TAMS 0x0000000087900000, 0x0000000087900000| Untracked 
|  90|0x0000000087a00000, 0x0000000087a00000, 0x0000000087b00000|  0%| F|  |TAMS 0x0000000087a00000, 0x0000000087a00000| Untracked 
|  91|0x0000000087b00000, 0x0000000087b00000, 0x0000000087c00000|  0%| F|  |TAMS 0x0000000087b00000, 0x0000000087b00000| Untracked 
|  92|0x0000000087c00000, 0x0000000087c00000, 0x0000000087d00000|  0%| F|  |TAMS 0x0000000087c00000, 0x0000000087c00000| Untracked 
|  93|0x0000000087d00000, 0x0000000087d00000, 0x0000000087e00000|  0%| F|  |TAMS 0x0000000087d00000, 0x0000000087d00000| Untracked 
|  94|0x0000000087e00000, 0x0000000087e00000, 0x0000000087f00000|  0%| F|  |TAMS 0x0000000087e00000, 0x0000000087e00000| Untracked 
|  95|0x0000000087f00000, 0x0000000087f00000, 0x0000000088000000|  0%| F|  |TAMS 0x0000000087f00000, 0x0000000087f00000| Untracked 
|  96|0x0000000088000000, 0x0000000088000000, 0x0000000088100000|  0%| F|  |TAMS 0x0000000088000000, 0x0000000088000000| Untracked 
|  97|0x0000000088100000, 0x0000000088100000, 0x0000000088200000|  0%| F|  |TAMS 0x0000000088100000, 0x0000000088100000| Untracked 
|  98|0x0000000088200000, 0x0000000088200000, 0x0000000088300000|  0%| F|  |TAMS 0x0000000088200000, 0x0000000088200000| Untracked 
|  99|0x0000000088300000, 0x0000000088300000, 0x0000000088400000|  0%| F|  |TAMS 0x0000000088300000, 0x0000000088300000| Untracked 
| 100|0x0000000088400000, 0x0000000088400000, 0x0000000088500000|  0%| F|  |TAMS 0x0000000088400000, 0x0000000088400000| Untracked 
| 101|0x0000000088500000, 0x0000000088500000, 0x0000000088600000|  0%| F|  |TAMS 0x0000000088500000, 0x0000000088500000| Untracked 
| 102|0x0000000088600000, 0x0000000088600000, 0x0000000088700000|  0%| F|  |TAMS 0x0000000088600000, 0x0000000088600000| Untracked 
| 103|0x0000000088700000, 0x0000000088700000, 0x0000000088800000|  0%| F|  |TAMS 0x0000000088700000, 0x0000000088700000| Untracked 
| 104|0x0000000088800000, 0x0000000088800000, 0x0000000088900000|  0%| F|  |TAMS 0x0000000088800000, 0x0000000088800000| Untracked 
| 105|0x0000000088900000, 0x0000000088900000, 0x0000000088a00000|  0%| F|  |TAMS 0x0000000088900000, 0x0000000088900000| Untracked 
| 106|0x0000000088a00000, 0x0000000088a00000, 0x0000000088b00000|  0%| F|  |TAMS 0x0000000088a00000, 0x0000000088a00000| Untracked 
| 107|0x0000000088b00000, 0x0000000088b00000, 0x0000000088c00000|  0%| F|  |TAMS 0x0000000088b00000, 0x0000000088b00000| Untracked 
| 108|0x0000000088c00000, 0x0000000088c00000, 0x0000000088d00000|  0%| F|  |TAMS 0x0000000088c00000, 0x0000000088c00000| Untracked 
| 109|0x0000000088d00000, 0x0000000088d00000, 0x0000000088e00000|  0%| F|  |TAMS 0x0000000088d00000, 0x0000000088d00000| Untracked 
| 110|0x0000000088e00000, 0x0000000088e00000, 0x0000000088f00000|  0%| F|  |TAMS 0x0000000088e00000, 0x0000000088e00000| Untracked 
| 111|0x0000000088f00000, 0x0000000088f00000, 0x0000000089000000|  0%| F|  |TAMS 0x0000000088f00000, 0x0000000088f00000| Untracked 
| 112|0x0000000089000000, 0x0000000089000000, 0x0000000089100000|  0%| F|  |TAMS 0x0000000089000000, 0x0000000089000000| Untracked 
| 113|0x0000000089100000, 0x0000000089100000, 0x0000000089200000|  0%| F|  |TAMS 0x0000000089100000, 0x0000000089100000| Untracked 
| 114|0x0000000089200000, 0x0000000089200000, 0x0000000089300000|  0%| F|  |TAMS 0x0000000089200000, 0x0000000089200000| Untracked 
| 115|0x0000000089300000, 0x0000000089300000, 0x0000000089400000|  0%| F|  |TAMS 0x0000000089300000, 0x0000000089300000| Untracked 
| 116|0x0000000089400000, 0x0000000089400000, 0x0000000089500000|  0%| F|  |TAMS 0x0000000089400000, 0x0000000089400000| Untracked 
| 117|0x0000000089500000, 0x0000000089500000, 0x0000000089600000|  0%| F|  |TAMS 0x0000000089500000, 0x0000000089500000| Untracked 
| 118|0x0000000089600000, 0x0000000089600000, 0x0000000089700000|  0%| F|  |TAMS 0x0000000089600000, 0x0000000089600000| Untracked 
| 119|0x0000000089700000, 0x0000000089700000, 0x0000000089800000|  0%| F|  |TAMS 0x0000000089700000, 0x0000000089700000| Untracked 
| 120|0x0000000089800000, 0x0000000089800000, 0x0000000089900000|  0%| F|  |TAMS 0x0000000089800000, 0x0000000089800000| Untracked 
| 121|0x0000000089900000, 0x0000000089900000, 0x0000000089a00000|  0%| F|  |TAMS 0x0000000089900000, 0x0000000089900000| Untracked 
| 122|0x0000000089a00000, 0x0000000089a00000, 0x0000000089b00000|  0%| F|  |TAMS 0x0000000089a00000, 0x0000000089a00000| Untracked 
| 123|0x0000000089b00000, 0x0000000089b00000, 0x0000000089c00000|  0%| F|  |TAMS 0x0000000089b00000, 0x0000000089b00000| Untracked 
| 124|0x0000000089c00000, 0x0000000089c00000, 0x0000000089d00000|  0%| F|  |TAMS 0x0000000089c00000, 0x0000000089c00000| Untracked 
| 125|0x0000000089d00000, 0x0000000089d201a0, 0x0000000089e00000| 12%| S|CS|TAMS 0x0000000089d00000, 0x0000000089d00000| Complete 
| 126|0x0000000089e00000, 0x0000000089f00000, 0x0000000089f00000|100%| S|CS|TAMS 0x0000000089e00000, 0x0000000089e00000| Complete 
| 127|0x0000000089f00000, 0x000000008a000000, 0x000000008a000000|100%| S|CS|TAMS 0x0000000089f00000, 0x0000000089f00000| Complete 
| 128|0x000000008a000000, 0x000000008a000000, 0x000000008a100000|  0%| F|  |TAMS 0x000000008a000000, 0x000000008a000000| Untracked 
| 129|0x000000008a100000, 0x000000008a100000, 0x000000008a200000|  0%| F|  |TAMS 0x000000008a100000, 0x000000008a100000| Untracked 
| 130|0x000000008a200000, 0x000000008a200000, 0x000000008a300000|  0%| F|  |TAMS 0x000000008a200000, 0x000000008a200000| Untracked 
| 131|0x000000008a300000, 0x000000008a300000, 0x000000008a400000|  0%| F|  |TAMS 0x000000008a300000, 0x000000008a300000| Untracked 
| 132|0x000000008a400000, 0x000000008a400000, 0x000000008a500000|  0%| F|  |TAMS 0x000000008a400000, 0x000000008a400000| Untracked 
| 133|0x000000008a500000, 0x000000008a500000, 0x000000008a600000|  0%| F|  |TAMS 0x000000008a500000, 0x000000008a500000| Untracked 
| 134|0x000000008a600000, 0x000000008a600000, 0x000000008a700000|  0%| F|  |TAMS 0x000000008a600000, 0x000000008a600000| Untracked 
| 135|0x000000008a700000, 0x000000008a700000, 0x000000008a800000|  0%| F|  |TAMS 0x000000008a700000, 0x000000008a700000| Untracked 
| 136|0x000000008a800000, 0x000000008a800000, 0x000000008a900000|  0%| F|  |TAMS 0x000000008a800000, 0x000000008a800000| Untracked 
| 137|0x000000008a900000, 0x000000008a900000, 0x000000008aa00000|  0%| F|  |TAMS 0x000000008a900000, 0x000000008a900000| Untracked 
| 138|0x000000008aa00000, 0x000000008aa00000, 0x000000008ab00000|  0%| F|  |TAMS 0x000000008aa00000, 0x000000008aa00000| Untracked 
| 139|0x000000008ab00000, 0x000000008ab00000, 0x000000008ac00000|  0%| F|  |TAMS 0x000000008ab00000, 0x000000008ab00000| Untracked 
| 140|0x000000008ac00000, 0x000000008ac00000, 0x000000008ad00000|  0%| F|  |TAMS 0x000000008ac00000, 0x000000008ac00000| Untracked 
| 141|0x000000008ad00000, 0x000000008ad00000, 0x000000008ae00000|  0%| F|  |TAMS 0x000000008ad00000, 0x000000008ad00000| Untracked 
| 142|0x000000008ae00000, 0x000000008ae00000, 0x000000008af00000|  0%| F|  |TAMS 0x000000008ae00000, 0x000000008ae00000| Untracked 
| 143|0x000000008af00000, 0x000000008af00000, 0x000000008b000000|  0%| F|  |TAMS 0x000000008af00000, 0x000000008af00000| Untracked 
| 144|0x000000008b000000, 0x000000008b000000, 0x000000008b100000|  0%| F|  |TAMS 0x000000008b000000, 0x000000008b000000| Untracked 
| 145|0x000000008b100000, 0x000000008b100000, 0x000000008b200000|  0%| F|  |TAMS 0x000000008b100000, 0x000000008b100000| Untracked 
| 146|0x000000008b200000, 0x000000008b200000, 0x000000008b300000|  0%| F|  |TAMS 0x000000008b200000, 0x000000008b200000| Untracked 
| 147|0x000000008b300000, 0x000000008b300000, 0x000000008b400000|  0%| F|  |TAMS 0x000000008b300000, 0x000000008b300000| Untracked 
| 148|0x000000008b400000, 0x000000008b400000, 0x000000008b500000|  0%| F|  |TAMS 0x000000008b400000, 0x000000008b400000| Untracked 
| 149|0x000000008b500000, 0x000000008b500000, 0x000000008b600000|  0%| F|  |TAMS 0x000000008b500000, 0x000000008b500000| Untracked 
| 150|0x000000008b600000, 0x000000008b600000, 0x000000008b700000|  0%| F|  |TAMS 0x000000008b600000, 0x000000008b600000| Untracked 
| 151|0x000000008b700000, 0x000000008b700000, 0x000000008b800000|  0%| F|  |TAMS 0x000000008b700000, 0x000000008b700000| Untracked 
| 152|0x000000008b800000, 0x000000008b800000, 0x000000008b900000|  0%| F|  |TAMS 0x000000008b800000, 0x000000008b800000| Untracked 
| 153|0x000000008b900000, 0x000000008b900000, 0x000000008ba00000|  0%| F|  |TAMS 0x000000008b900000, 0x000000008b900000| Untracked 
| 154|0x000000008ba00000, 0x000000008ba00000, 0x000000008bb00000|  0%| F|  |TAMS 0x000000008ba00000, 0x000000008ba00000| Untracked 
| 155|0x000000008bb00000, 0x000000008bb00000, 0x000000008bc00000|  0%| F|  |TAMS 0x000000008bb00000, 0x000000008bb00000| Untracked 
| 156|0x000000008bc00000, 0x000000008bc00000, 0x000000008bd00000|  0%| F|  |TAMS 0x000000008bc00000, 0x000000008bc00000| Untracked 
| 157|0x000000008bd00000, 0x000000008bd00000, 0x000000008be00000|  0%| F|  |TAMS 0x000000008bd00000, 0x000000008bd00000| Untracked 
| 158|0x000000008be00000, 0x000000008be00000, 0x000000008bf00000|  0%| F|  |TAMS 0x000000008be00000, 0x000000008be00000| Untracked 
| 159|0x000000008bf00000, 0x000000008bf00000, 0x000000008c000000|  0%| F|  |TAMS 0x000000008bf00000, 0x000000008bf00000| Untracked 
| 160|0x000000008c000000, 0x000000008c000000, 0x000000008c100000|  0%| F|  |TAMS 0x000000008c000000, 0x000000008c000000| Untracked 
| 161|0x000000008c100000, 0x000000008c100000, 0x000000008c200000|  0%| F|  |TAMS 0x000000008c100000, 0x000000008c100000| Untracked 
| 162|0x000000008c200000, 0x000000008c200000, 0x000000008c300000|  0%| F|  |TAMS 0x000000008c200000, 0x000000008c200000| Untracked 
| 163|0x000000008c300000, 0x000000008c300000, 0x000000008c400000|  0%| F|  |TAMS 0x000000008c300000, 0x000000008c300000| Untracked 
| 164|0x000000008c400000, 0x000000008c400000, 0x000000008c500000|  0%| F|  |TAMS 0x000000008c400000, 0x000000008c400000| Untracked 
| 165|0x000000008c500000, 0x000000008c500000, 0x000000008c600000|  0%| F|  |TAMS 0x000000008c500000, 0x000000008c500000| Untracked 
| 166|0x000000008c600000, 0x000000008c600000, 0x000000008c700000|  0%| F|  |TAMS 0x000000008c600000, 0x000000008c600000| Untracked 
| 167|0x000000008c700000, 0x000000008c700000, 0x000000008c800000|  0%| F|  |TAMS 0x000000008c700000, 0x000000008c700000| Untracked 
| 168|0x000000008c800000, 0x000000008c800000, 0x000000008c900000|  0%| F|  |TAMS 0x000000008c800000, 0x000000008c800000| Untracked 
| 169|0x000000008c900000, 0x000000008c900000, 0x000000008ca00000|  0%| F|  |TAMS 0x000000008c900000, 0x000000008c900000| Untracked 
| 170|0x000000008ca00000, 0x000000008ca00000, 0x000000008cb00000|  0%| F|  |TAMS 0x000000008ca00000, 0x000000008ca00000| Untracked 
| 171|0x000000008cb00000, 0x000000008cb00000, 0x000000008cc00000|  0%| F|  |TAMS 0x000000008cb00000, 0x000000008cb00000| Untracked 
| 172|0x000000008cc00000, 0x000000008cc00000, 0x000000008cd00000|  0%| F|  |TAMS 0x000000008cc00000, 0x000000008cc00000| Untracked 
| 173|0x000000008cd00000, 0x000000008cd00000, 0x000000008ce00000|  0%| F|  |TAMS 0x000000008cd00000, 0x000000008cd00000| Untracked 
| 174|0x000000008ce00000, 0x000000008ce00000, 0x000000008cf00000|  0%| F|  |TAMS 0x000000008ce00000, 0x000000008ce00000| Untracked 
| 175|0x000000008cf00000, 0x000000008cf00000, 0x000000008d000000|  0%| F|  |TAMS 0x000000008cf00000, 0x000000008cf00000| Untracked 
| 176|0x000000008d000000, 0x000000008d000000, 0x000000008d100000|  0%| F|  |TAMS 0x000000008d000000, 0x000000008d000000| Untracked 
| 177|0x000000008d100000, 0x000000008d100000, 0x000000008d200000|  0%| F|  |TAMS 0x000000008d100000, 0x000000008d100000| Untracked 
| 178|0x000000008d200000, 0x000000008d200000, 0x000000008d300000|  0%| F|  |TAMS 0x000000008d200000, 0x000000008d200000| Untracked 

Card table byte_map: [0x000002062d210000,0x000002062d600000] _byte_map_base: 0x000002062ce00000

Marking Bits (Prev, Next): (CMBitMap*) 0x00000206166eded0, (CMBitMap*) 0x00000206166edf10
 Prev Bits: [0x000002062d9f0000, 0x000002062f970000)
 Next Bits: [0x000002062f970000, 0x00000206318f0000)

Polling page: 0x0000020615e90000

Metaspace:

Usage:
  Non-class:      1.95 MB used.
      Class:    187.38 KB used.
       Both:      2.13 MB used.

Virtual space:
  Non-class space:        8.00 MB reserved,       2.06 MB ( 26%) committed,  1 nodes.
      Class space:        1.00 GB reserved,     256.00 KB ( <1%) committed,  1 nodes.
              Both:        1.01 GB reserved,       2.31 MB ( <1%) committed. 

Chunk freelists:
   Non-Class:  3.54 MB
       Class:  3.64 MB
        Both:  7.18 MB

MaxMetaspaceSize: 17179869184.00 GB
CompressedClassSpaceSize: 1.00 GB
 - commit_granule_bytes: 65536.
 - commit_granule_words: 8192.
 - virtual_space_node_default_size: 1048576.
 - enlarge_chunks_in_place: 1.
 - new_chunks_are_fully_committed: 0.
 - uncommit_free_chunks: 1.
 - use_allocation_guard: 0.
 - handle_deallocations: 1.


Internal statistics:

num_allocs_failed_limit: 0.
num_arena_births: 72.
num_arena_deaths: 0.
num_vsnodes_births: 2.
num_vsnodes_deaths: 0.
num_space_committed: 37.
num_space_uncommitted: 0.
num_chunks_returned_to_freelist: 0.
num_chunks_taken_from_freelist: 114.
num_chunk_merges: 0.
num_chunk_splits: 70.
num_chunks_enlarged: 38.
num_purges: 0.

CodeHeap 'non-profiled nmethods': size=120000Kb used=464Kb max_used=464Kb free=119536Kb
 bounds [0x00000206258f0000, 0x0000020625b60000, 0x000002062ce20000]
CodeHeap 'profiled nmethods': size=120000Kb used=1348Kb max_used=1348Kb free=118651Kb
 bounds [0x000002061e3c0000, 0x000002061e630000, 0x00000206258f0000]
CodeHeap 'non-nmethods': size=5760Kb used=1155Kb max_used=1183Kb free=4604Kb
 bounds [0x000002061de20000, 0x000002061e090000, 0x000002061e3c0000]
 total_blobs=1283 nmethods=842 adapters=354
 compilation: enabled
              stopped_count=0, restarted_count=0
 full_count=0

Compilation events (20 events):
Event: 2.439 Thread 0x0000020633df6c10  835       3       java.nio.ByteBuffer::put (124 bytes)
Event: 2.439 Thread 0x0000020633df6c10 nmethod 835 0x000002061e50a890 code [0x000002061e50aac0, 0x000002061e50b308]
Event: 2.439 Thread 0x0000020633df6c10  836   !   3       java.nio.ByteBuffer::putBuffer (142 bytes)
Event: 2.440 Thread 0x0000020633df6c10 nmethod 836 0x000002061e50b590 code [0x000002061e50b840, 0x000002061e50c3f8]
Event: 2.440 Thread 0x0000020633df6c10  837   !   3       jdk.internal.misc.ScopedMemoryAccess::copyMemory (31 bytes)
Event: 2.440 Thread 0x0000020633df6c10 nmethod 837 0x000002061e50cb10 code [0x000002061e50cd20, 0x000002061e50d2b8]
Event: 2.440 Thread 0x0000020633df6c10  838   !   3       jdk.internal.misc.ScopedMemoryAccess::copyMemoryInternal (60 bytes)
Event: 2.440 Thread 0x0000020633df6c10 nmethod 838 0x000002061e50d610 code [0x000002061e50d800, 0x000002061e50dc08]
Event: 2.440 Thread 0x0000020633df6c10  839       3       java.nio.MappedByteBuffer::flip (5 bytes)
Event: 2.440 Thread 0x0000020633df6c10 nmethod 839 0x000002061e50de90 code [0x000002061e50e040, 0x000002061e50e278]
Event: 2.440 Thread 0x0000020633df6c10  840       3       java.nio.MappedByteBuffer::flip (7 bytes)
Event: 2.440 Thread 0x0000020633df6c10 nmethod 840 0x000002061e50e390 code [0x000002061e50e540, 0x000002061e50e718]
Event: 2.440 Thread 0x0000020633df6c10  841       3       sun.nio.ch.IOUtil::writeFromNativeBuffer (157 bytes)
Event: 2.441 Thread 0x0000020633df6c10 nmethod 841 0x000002061e50e810 code [0x000002061e50ea60, 0x000002061e50f448]
Event: 2.441 Thread 0x0000020633df6c10  842       3       sun.nio.ch.FileDispatcherImpl::write (17 bytes)
Event: 2.441 Thread 0x0000020633df6c10 nmethod 842 0x000002061e50f710 code [0x000002061e50f8c0, 0x000002061e50fa88]
Event: 2.574 Thread 0x0000020633df6c10  843       3       java.lang.AbstractStringBuilder::appendChars (207 bytes)
Event: 2.575 Thread 0x0000020633df6c10 nmethod 843 0x000002061e50fb90 code [0x000002061e50fe40, 0x000002061e510dc8]
Event: 3.027 Thread 0x0000020633d902c0  845       4       sun.nio.fs.WindowsPathParser::isSlash (18 bytes)
Event: 3.027 Thread 0x0000020633d902c0 nmethod 845 0x0000020625963d10 code [0x0000020625963e80, 0x0000020625963ef8]

GC Heap History (20 events):
Event: 0.566 GC heap after
{Heap after GC invocations=1 (full 0):
 garbage-first heap   total 129024K, used 6930K [0x0000000082000000, 0x0000000100000000)
  region size 1024K, 2 young (2048K), 2 survivors (2048K)
 Metaspace       used 1846K, committed 1984K, reserved 1056768K
  class space    used 170K, committed 256K, reserved 1048576K
}
Event: 0.843 GC heap before
{Heap before GC invocations=1 (full 0):
 garbage-first heap   total 129024K, used 16146K [0x0000000082000000, 0x0000000100000000)
  region size 1024K, 12 young (12288K), 2 survivors (2048K)
 Metaspace       used 1862K, committed 2048K, reserved 1056768K
  class space    used 170K, committed 256K, reserved 1048576K
}
Event: 0.851 GC heap after
{Heap after GC invocations=2 (full 0):
 garbage-first heap   total 129024K, used 11201K [0x0000000082000000, 0x0000000100000000)
  region size 1024K, 2 young (2048K), 2 survivors (2048K)
 Metaspace       used 1862K, committed 2048K, reserved 1056768K
  class space    used 170K, committed 256K, reserved 1048576K
}
Event: 0.899 GC heap before
{Heap before GC invocations=2 (full 0):
 garbage-first heap   total 129024K, used 14273K [0x0000000082000000, 0x0000000100000000)
  region size 1024K, 6 young (6144K), 2 survivors (2048K)
 Metaspace       used 1867K, committed 2048K, reserved 1056768K
  class space    used 170K, committed 256K, reserved 1048576K
}
Event: 0.904 GC heap after
{Heap after GC invocations=3 (full 0):
 garbage-first heap   total 129024K, used 12817K [0x0000000082000000, 0x0000000100000000)
  region size 1024K, 1 young (1024K), 1 survivors (1024K)
 Metaspace       used 1867K, committed 2048K, reserved 1056768K
  class space    used 170K, committed 256K, reserved 1048576K
}
Event: 1.024 GC heap before
{Heap before GC invocations=3 (full 0):
 garbage-first heap   total 129024K, used 16913K [0x0000000082000000, 0x0000000100000000)
  region size 1024K, 6 young (6144K), 1 survivors (1024K)
 Metaspace       used 1869K, committed 2048K, reserved 1056768K
  class space    used 170K, committed 256K, reserved 1048576K
}
Event: 1.028 GC heap after
{Heap after GC invocations=4 (full 0):
 garbage-first heap   total 129024K, used 14324K [0x0000000082000000, 0x0000000100000000)
  region size 1024K, 1 young (1024K), 1 survivors (1024K)
 Metaspace       used 1869K, committed 2048K, reserved 1056768K
  class space    used 170K, committed 256K, reserved 1048576K
}
Event: 1.112 GC heap before
{Heap before GC invocations=4 (full 0):
 garbage-first heap   total 129024K, used 20468K [0x0000000082000000, 0x0000000100000000)
  region size 1024K, 7 young (7168K), 1 survivors (1024K)
 Metaspace       used 2123K, committed 2304K, reserved 1056768K
  class space    used 187K, committed 256K, reserved 1048576K
}
Event: 1.118 GC heap after
{Heap after GC invocations=5 (full 0):
 garbage-first heap   total 183296K, used 16018K [0x0000000082000000, 0x0000000100000000)
  region size 1024K, 1 young (1024K), 1 survivors (1024K)
 Metaspace       used 2123K, committed 2304K, reserved 1056768K
  class space    used 187K, committed 256K, reserved 1048576K
}
Event: 1.305 GC heap before
{Heap before GC invocations=5 (full 0):
 garbage-first heap   total 183296K, used 28306K [0x0000000082000000, 0x0000000100000000)
  region size 1024K, 14 young (14336K), 1 survivors (1024K)
 Metaspace       used 2124K, committed 2304K, reserved 1056768K
  class space    used 187K, committed 256K, reserved 1048576K
}
Event: 1.311 GC heap after
{Heap after GC invocations=6 (full 0):
 garbage-first heap   total 183296K, used 17916K [0x0000000082000000, 0x0000000100000000)
  region size 1024K, 2 young (2048K), 2 survivors (2048K)
 Metaspace       used 2124K, committed 2304K, reserved 1056768K
  class space    used 187K, committed 256K, reserved 1048576K
}
Event: 1.406 GC heap before
{Heap before GC invocations=6 (full 0):
 garbage-first heap   total 183296K, used 24060K [0x0000000082000000, 0x0000000100000000)
  region size 1024K, 9 young (9216K), 2 survivors (2048K)
 Metaspace       used 2136K, committed 2304K, reserved 1056768K
  class space    used 187K, committed 256K, reserved 1048576K
}
Event: 1.412 GC heap after
{Heap after GC invocations=7 (full 0):
 garbage-first heap   total 183296K, used 18567K [0x0000000082000000, 0x0000000100000000)
  region size 1024K, 2 young (2048K), 2 survivors (2048K)
 Metaspace       used 2136K, committed 2304K, reserved 1056768K
  class space    used 187K, committed 256K, reserved 1048576K
}
Event: 1.723 GC heap before
{Heap before GC invocations=7 (full 0):
 garbage-first heap   total 183296K, used 39047K [0x0000000082000000, 0x0000000100000000)
  region size 1024K, 23 young (23552K), 2 survivors (2048K)
 Metaspace       used 2150K, committed 2304K, reserved 1056768K
  class space    used 187K, committed 256K, reserved 1048576K
}
Event: 1.726 GC heap after
{Heap after GC invocations=8 (full 0):
 garbage-first heap   total 183296K, used 18575K [0x0000000082000000, 0x0000000100000000)
  region size 1024K, 2 young (2048K), 2 survivors (2048K)
 Metaspace       used 2150K, committed 2304K, reserved 1056768K
  class space    used 187K, committed 256K, reserved 1048576K
}
Event: 2.349 GC heap before
{Heap before GC invocations=8 (full 0):
 garbage-first heap   total 183296K, used 56463K [0x0000000082000000, 0x0000000100000000)
  region size 1024K, 40 young (40960K), 2 survivors (2048K)
 Metaspace       used 2174K, committed 2368K, reserved 1056768K
  class space    used 187K, committed 256K, reserved 1048576K
}
Event: 2.354 GC heap after
{Heap after GC invocations=9 (full 0):
 garbage-first heap   total 183296K, used 18906K [0x0000000082000000, 0x0000000100000000)
  region size 1024K, 3 young (3072K), 3 survivors (3072K)
 Metaspace       used 2174K, committed 2368K, reserved 1056768K
  class space    used 187K, committed 256K, reserved 1048576K
}
Event: 2.425 GC heap before
{Heap before GC invocations=9 (full 0):
 garbage-first heap   total 183296K, used 23002K [0x0000000082000000, 0x0000000100000000)
  region size 1024K, 8 young (8192K), 3 survivors (3072K)
 Metaspace       used 2174K, committed 2368K, reserved 1056768K
  class space    used 187K, committed 256K, reserved 1048576K
}
Event: 2.431 GC heap after
{Heap after GC invocations=10 (full 0):
 garbage-first heap   total 183296K, used 19780K [0x0000000082000000, 0x0000000100000000)
  region size 1024K, 1 young (1024K), 1 survivors (1024K)
 Metaspace       used 2174K, committed 2368K, reserved 1056768K
  class space    used 187K, committed 256K, reserved 1048576K
}
Event: 3.057 GC heap before
{Heap before GC invocations=10 (full 0):
 garbage-first heap   total 183296K, used 69956K [0x0000000082000000, 0x0000000100000000)
  region size 1024K, 51 young (52224K), 1 survivors (1024K)
 Metaspace       used 2179K, committed 2368K, reserved 1056768K
  class space    used 187K, committed 256K, reserved 1048576K
}

Deoptimization events (20 events):
Event: 0.926 Thread 0x00000206166ac9b0 Uncommon trap: trap_request=0xffffff45 fr.pc=0x0000020625929e60 relative=0x0000000000000800
Event: 0.926 Thread 0x00000206166ac9b0 Uncommon trap: reason=unstable_if action=reinterpret pc=0x0000020625929e60 method=jdk.internal.math.FloatingDecimal.getBinaryToASCIIConverter(DZ)Ljdk/internal/math/FloatingDecimal$BinaryToASCIIConverter; @ 12 c2
Event: 0.926 Thread 0x00000206166ac9b0 DEOPT PACKING pc=0x0000020625929e60 sp=0x0000005bb4dff2a0
Event: 0.926 Thread 0x00000206166ac9b0 DEOPT UNPACKING pc=0x000002061de6d72e sp=0x0000005bb4dff0b0 mode 2
Event: 0.926 Thread 0x00000206166ac9b0 Uncommon trap: trap_request=0xffffff45 fr.pc=0x0000020625928f9c relative=0x00000000000001bc
Event: 0.926 Thread 0x00000206166ac9b0 Uncommon trap: reason=unstable_if action=reinterpret pc=0x0000020625928f9c method=jdk.internal.math.FloatingDecimal.getBinaryToASCIIConverter(DZ)Ljdk/internal/math/FloatingDecimal$BinaryToASCIIConverter; @ 12 c2
Event: 0.926 Thread 0x00000206166ac9b0 DEOPT PACKING pc=0x0000020625928f9c sp=0x0000005bb4dff210
Event: 0.926 Thread 0x00000206166ac9b0 DEOPT UNPACKING pc=0x000002061de6d72e sp=0x0000005bb4dff160 mode 2
Event: 0.966 Thread 0x00000206166ac9b0 DEOPT PACKING pc=0x000002061e4b3b92 sp=0x0000005bb4dff3b0
Event: 0.966 Thread 0x00000206166ac9b0 DEOPT UNPACKING pc=0x000002061de6dece sp=0x0000005bb4dfe868 mode 0
Event: 1.048 Thread 0x0000020633d8c180 Uncommon trap: trap_request=0xffffff45 fr.pc=0x0000020625917430 relative=0x0000000000000210
Event: 1.048 Thread 0x0000020633d8c180 Uncommon trap: reason=unstable_if action=reinterpret pc=0x0000020625917430 method=java.lang.String.startsWith(Ljava/lang/String;I)Z @ 14 c2
Event: 1.048 Thread 0x0000020633d8c180 DEOPT PACKING pc=0x0000020625917430 sp=0x0000005bb57fecf0
Event: 1.048 Thread 0x0000020633d8c180 DEOPT UNPACKING pc=0x000002061de6d72e sp=0x0000005bb57fec50 mode 2
Event: 1.156 Thread 0x00000206166ac9b0 DEOPT PACKING pc=0x000002061e4bfa21 sp=0x0000005bb4dff2d0
Event: 1.156 Thread 0x00000206166ac9b0 DEOPT UNPACKING pc=0x000002061de6dece sp=0x0000005bb4dfe870 mode 0
Event: 1.895 Thread 0x00000206166ac9b0 DEOPT PACKING pc=0x000002061e4e9a5f sp=0x0000005bb4dff280
Event: 1.895 Thread 0x00000206166ac9b0 DEOPT UNPACKING pc=0x000002061de6dece sp=0x0000005bb4dfe880 mode 0
Event: 1.958 Thread 0x00000206166ac9b0 DEOPT PACKING pc=0x000002061e4f225d sp=0x0000005bb4dff290
Event: 1.958 Thread 0x00000206166ac9b0 DEOPT UNPACKING pc=0x000002061de6dece sp=0x0000005bb4dfe810 mode 0

Classes unloaded (0 events):
No events

Classes redefined (0 events):
No events

Internal exceptions (6 events):
Event: 0.164 Thread 0x0000020634904c80 Exception <a 'java/lang/NoSuchMethodError'{0x0000000089b09320}: 'java.lang.Object java.lang.invoke.DirectMethodHandle$Holder.invokeStatic(java.lang.Object)'> (0x0000000089b09320) 
thrown [t:\workspace\open\src\hotspot\share\interpreter\linkResolver.cpp, line 790]
Event: 0.165 Thread 0x0000020634904c80 Exception <a 'java/lang/NoSuchMethodError'{0x0000000089b0cc30}: 'java.lang.Object java.lang.invoke.DirectMethodHandle$Holder.invokeStaticInit(java.lang.Object)'> (0x0000000089b0cc30) 
thrown [t:\workspace\open\src\hotspot\share\interpreter\linkResolver.cpp, line 790]
Event: 0.175 Thread 0x0000020634904c80 Exception <a 'java/lang/NoSuchMethodError'{0x0000000089b1a828}: 'void java.lang.invoke.DirectMethodHandle$Holder.invokeStatic(java.lang.Object, java.lang.Object)'> (0x0000000089b1a828) 
thrown [t:\workspace\open\src\hotspot\share\interpreter\linkResolver.cpp, line 790]
Event: 0.425 Thread 0x00000206166ac9b0 Exception <a 'sun/nio/fs/WindowsException'{0x00000000894720a8}> (0x00000000894720a8) 
thrown [t:\workspace\open\src\hotspot\share\prims\jni.cpp, line 579]
Event: 0.436 Thread 0x00000206166ac9b0 Exception <a 'sun/nio/fs/WindowsException'{0x000000008947f130}> (0x000000008947f130) 
thrown [t:\workspace\open\src\hotspot\share\prims\jni.cpp, line 579]
Event: 0.481 Thread 0x00000206166ac9b0 Implicit null exception at 0x00000206259254f7 to 0x0000020625925570

Events (20 events):
Event: 1.049 loading class java/util/LinkedHashMap$LinkedKeySet
Event: 1.049 loading class java/util/LinkedHashMap$LinkedKeySet done
Event: 1.049 loading class sun/util/resources/TimeZoneNames
Event: 1.050 loading class sun/util/resources/TimeZoneNames done
Event: 1.050 loading class sun/util/resources/TimeZoneNames_en
Event: 1.050 loading class sun/util/resources/TimeZoneNames_en done
Event: 1.112 Executing  VM operation: G1CollectForAllocation
Event: 1.118 Executing  VM operation: G1CollectForAllocation done
Event: 1.233 Thread 0x0000020634d57cd0 Thread exited: 0x0000020634d57cd0
Event: 1.305 Executing  VM operation: G1CollectForAllocation
Event: 1.311 Executing  VM operation: G1CollectForAllocation done
Event: 1.406 Executing  VM operation: G1CollectForAllocation
Event: 1.412 Executing  VM operation: G1CollectForAllocation done
Event: 1.723 Executing  VM operation: G1CollectForAllocation
Event: 1.726 Executing  VM operation: G1CollectForAllocation done
Event: 2.349 Executing  VM operation: G1CollectForAllocation
Event: 2.354 Executing  VM operation: G1CollectForAllocation done
Event: 2.425 Executing  VM operation: G1CollectForAllocation
Event: 2.431 Executing  VM operation: G1CollectForAllocation done
Event: 3.057 Executing  VM operation: G1CollectForAllocation


Dynamic libraries:
0x00007ff632700000 - 0x00007ff632710000 	C:\Program Files\Java\jdk-16\bin\java.exe
0x00007ff863fd0000 - 0x00007ff8641c5000 	C:\WINDOWS\SYSTEM32\ntdll.dll
0x00007ff862cf0000 - 0x00007ff862dad000 	C:\WINDOWS\System32\KERNEL32.DLL
0x00007ff861820000 - 0x00007ff861ae8000 	C:\WINDOWS\System32\KERNELBASE.dll
0x00007ff861e50000 - 0x00007ff861f50000 	C:\WINDOWS\System32\ucrtbase.dll
0x00007ff85f1f0000 - 0x00007ff85f208000 	C:\Program Files\Java\jdk-16\bin\jli.dll
0x00007ff862ed0000 - 0x00007ff862f7c000 	C:\WINDOWS\System32\ADVAPI32.dll
0x00007ff8626a0000 - 0x00007ff86273e000 	C:\WINDOWS\System32\msvcrt.dll
0x00007ff8623e0000 - 0x00007ff86247b000 	C:\WINDOWS\System32\sechost.dll
0x00007ff862480000 - 0x00007ff8625ab000 	C:\WINDOWS\System32\RPCRT4.dll
0x00007ff862f80000 - 0x00007ff863120000 	C:\WINDOWS\System32\USER32.dll
0x00007ff861be0000 - 0x00007ff861c02000 	C:\WINDOWS\System32\win32u.dll
0x00007ff84c1b0000 - 0x00007ff84c44a000 	C:\WINDOWS\WinSxS\amd64_microsoft.windows.common-controls_6595b64144ccf1df_6.0.19041.844_none_ca00b6081b84eb1d\COMCTL32.dll
0x00007ff8622c0000 - 0x00007ff8622ea000 	C:\WINDOWS\System32\GDI32.dll
0x00007ff861710000 - 0x00007ff86181b000 	C:\WINDOWS\System32\gdi32full.dll
0x00007ff861b40000 - 0x00007ff861bdd000 	C:\WINDOWS\System32\msvcp_win.dll
0x00007ff85a380000 - 0x00007ff85a38a000 	C:\WINDOWS\SYSTEM32\VERSION.dll
0x00007ff85f1d0000 - 0x00007ff85f1e9000 	C:\Program Files\Java\jdk-16\bin\VCRUNTIME140.dll
0x00007ff8625b0000 - 0x00007ff8625e0000 	C:\WINDOWS\System32\IMM32.DLL
0x00007ff85ede0000 - 0x00007ff85edec000 	C:\Program Files\Java\jdk-16\bin\vcruntime140_1.dll
0x00007ff848c00000 - 0x00007ff848c91000 	C:\Program Files\Java\jdk-16\bin\msvcp140.dll
0x00007ff828960000 - 0x00007ff82950b000 	C:\Program Files\Java\jdk-16\bin\server\jvm.dll
0x00007ff862690000 - 0x00007ff862698000 	C:\WINDOWS\System32\PSAPI.DLL
0x00007ff84bf40000 - 0x00007ff84bf49000 	C:\WINDOWS\SYSTEM32\WSOCK32.dll
0x00007ff8637d0000 - 0x00007ff86383b000 	C:\WINDOWS\System32\WS2_32.dll
0x00007ff8504b0000 - 0x00007ff8504d7000 	C:\WINDOWS\SYSTEM32\WINMM.dll
0x00007ff85f560000 - 0x00007ff85f572000 	C:\WINDOWS\SYSTEM32\kernel.appcore.dll
0x00007ff85ed70000 - 0x00007ff85ed7a000 	C:\Program Files\Java\jdk-16\bin\jimage.dll
0x00007ff85ee10000 - 0x00007ff85eff4000 	C:\WINDOWS\SYSTEM32\DBGHELP.DLL
0x00007ff85a1c0000 - 0x00007ff85a1ec000 	C:\WINDOWS\SYSTEM32\dbgcore.DLL
0x00007ff861f50000 - 0x00007ff861fd0000 	C:\WINDOWS\System32\bcryptPrimitives.dll
0x00007ff85ed30000 - 0x00007ff85ed3e000 	C:\Program Files\Java\jdk-16\bin\instrument.dll
0x00007ff859340000 - 0x00007ff859365000 	C:\Program Files\Java\jdk-16\bin\java.dll
0x00007ff863840000 - 0x00007ff863f82000 	C:\WINDOWS\System32\SHELL32.dll
0x00007ff85f840000 - 0x00007ff85ffd0000 	C:\WINDOWS\SYSTEM32\windows.storage.dll
0x00007ff863260000 - 0x00007ff8635b5000 	C:\WINDOWS\System32\combase.dll
0x00007ff8610b0000 - 0x00007ff8610dc000 	C:\WINDOWS\SYSTEM32\Wldp.dll
0x00007ff8631b0000 - 0x00007ff86325e000 	C:\WINDOWS\System32\SHCORE.dll
0x00007ff862820000 - 0x00007ff862875000 	C:\WINDOWS\System32\shlwapi.dll
0x00007ff861650000 - 0x00007ff86166f000 	C:\WINDOWS\SYSTEM32\profapi.dll
0x00007ff858e30000 - 0x00007ff858e48000 	C:\Program Files\Java\jdk-16\bin\zip.dll
0x00007ff8593b0000 - 0x00007ff8593c9000 	C:\Program Files\Java\jdk-16\bin\net.dll
0x00007ff85b1c0000 - 0x00007ff85b2cb000 	C:\WINDOWS\SYSTEM32\WINHTTP.dll
0x00007ff860e90000 - 0x00007ff860efa000 	C:\WINDOWS\system32\mswsock.dll
0x00007ff858e50000 - 0x00007ff858e63000 	C:\Program Files\Java\jdk-16\bin\nio.dll
0x00007ff858e10000 - 0x00007ff858e2a000 	C:\Program Files\JetBrains\IntelliJ IDEA Community Edition 2020.3.3\bin\breakgen64.dll
0x00007ff859260000 - 0x00007ff859270000 	C:\Program Files\Java\jdk-16\bin\verify.dll

dbghelp: loaded successfully - version: 4.0.5 - missing functions: none
symbol engine: initialized successfully - sym options: 0x614 - pdb path: .;C:\Program Files\Java\jdk-16\bin;C:\WINDOWS\SYSTEM32;C:\WINDOWS\WinSxS\amd64_microsoft.windows.common-controls_6595b64144ccf1df_6.0.19041.844_none_ca00b6081b84eb1d;C:\Program Files\Java\jdk-16\bin\server;C:\Program Files\JetBrains\IntelliJ IDEA Community Edition 2020.3.3\bin

VM Arguments:
jvm_args: -javaagent:C:\Program Files\JetBrains\IntelliJ IDEA Community Edition 2020.3.3\lib\idea_rt.jar=6757:C:\Program Files\JetBrains\IntelliJ IDEA Community Edition 2020.3.3\bin -Dfile.encoding=UTF-8 
java_command: peersim.Simulator example/experiment1.conf
java_class_path (initial): C:\Users\alexa\Documents\Java\peersim-1.0.5\out\production\peersim-1.0.5;C:\Users\alexa\Documents\Java\peersim-1.0.5\djep-1.0.0.jar;C:\Users\alexa\Documents\Java\peersim-1.0.5\jep-2.3.0.jar;C:\Users\alexa\Documents\Java\peersim-1.0.5\peersim-doclet.jar;C:\Users\alexa\Documents\Java\peersim-1.0.5\mongo-java-driver-3.12.8.jar
Launcher Type: SUN_STANDARD

[Global flags]
     intx CICompilerCount                          = 3                                         {product} {ergonomic}
     uint ConcGCThreads                            = 1                                         {product} {ergonomic}
     uint G1ConcRefinementThreads                  = 4                                         {product} {ergonomic}
   size_t G1HeapRegionSize                         = 1048576                                   {product} {ergonomic}
    uintx GCDrainStackTargetSize                   = 64                                        {product} {ergonomic}
   size_t InitialHeapSize                          = 132120576                                 {product} {ergonomic}
   size_t MarkStackSize                            = 4194304                                   {product} {ergonomic}
   size_t MaxHeapSize                              = 2113929216                                {product} {ergonomic}
   size_t MaxNewSize                               = 1267728384                                {product} {ergonomic}
   size_t MinHeapDeltaBytes                        = 1048576                                   {product} {ergonomic}
   size_t MinHeapSize                              = 8388608                                   {product} {ergonomic}
    uintx NonNMethodCodeHeapSize                   = 5832780                                {pd product} {ergonomic}
    uintx NonProfiledCodeHeapSize                  = 122912730                              {pd product} {ergonomic}
    uintx ProfiledCodeHeapSize                     = 122912730                              {pd product} {ergonomic}
    uintx ReservedCodeCacheSize                    = 251658240                              {pd product} {ergonomic}
     bool SegmentedCodeCache                       = true                                      {product} {ergonomic}
   size_t SoftMaxHeapSize                          = 2113929216                             {manageable} {ergonomic}
     bool UseCompressedClassPointers               = true                           {product lp64_product} {ergonomic}
     bool UseCompressedOops                        = true                           {product lp64_product} {ergonomic}
     bool UseG1GC                                  = true                                      {product} {ergonomic}
     bool UseLargePagesIndividualAllocation        = false                                  {pd product} {ergonomic}

Logging:
Log output configuration:
 #0: stdout all=warning uptime,level,tags
 #1: stderr all=off uptime,level,tags

Environment Variables:
PATH=C:\Program Files\Common Files\Oracle\Java\javapath;C:\Python38\Scripts\;C:\Python38\;C:\ProgramData\Oracle\Java\javapath;C:\WINDOWS\system32;C:\WINDOWS;C:\WINDOWS\System32\Wbem;C:\WINDOWS\System32\WindowsPowerShell\v1.0\;C:\WINDOWS\System32\OpenSSH\;C:\Program Files\Git\cmd;C:\Program Files\MATLAB\R2019b\bin;C:\Users\alexa\.dnx\bin;C:\Program Files\Microsoft DNX\Dnvm\;C:\Program Files\Microsoft SQL Server\120\Tools\Binn\;C:\Program Files\Microsoft SQL Server\130\Tools\Binn\;C:\xampp\php;C:\ProgramData\ComposerSetup\bin;C:\Program Files\PuTTY\;C:\Program Files\nodejs\;C:\Program Files\TortoiseGit\bin;C:\Program Files (x86)\Windows Kits\8.1\Windows Performance Toolkit\;C:\xampp\mysql\bin;C:\ProgramData\chocolatey\bin;C:\tools\Manim\Scripts;C:\Users\alexa\AppData\Local\Programs\Python\Python39\Scripts\;C:\Users\alexa\AppData\Local\Programs\Python\Python39\;C:\Users\alexa\AppData\Local\Microsoft\WindowsApps;C:\Users\alexa\AppData\Local\Programs\MiKTeX 2.9\miktex\bin\x64\;C:\Users\alexa\AppData\Roaming\Composer\vendor\bin;C:\Users\alexa\AppData\Roaming\npm;C:\Program Files\Inkscape;C:\Users\alexa\AppData\Local\Programs\Microsoft VS Code\bin;C:\Users\alexa\AppData\Local\GitHubDesktop\bin;
USERNAME=alexa
OS=Windows_NT
PROCESSOR_IDENTIFIER=Intel64 Family 6 Model 60 Stepping 3, GenuineIntel



---------------  S Y S T E M  ---------------

OS:
 Windows 10 , 64 bit Build 19041 (10.0.19041.928)
OS uptime: 24 days 9:00 hours
Hyper-V role detected

CPU: total 4 (initial active 4) (4 cores per cpu, 1 threads per core) family 6 model 60 stepping 3 microcode 0x27, cx8, cmov, fxsr, mmx, sse, sse2, sse3, ssse3, sse4.1, sse4.2, popcnt, lzcnt, tsc, tscinvbit, avx, avx2, aes, erms, clmul, bmi1, bmi2, fma, vzeroupper, clflush, hv

Memory: 4k page, system-wide physical 8057M (2246M free)
TotalPageFile size 32633M (AvailPageFile size 81M)
current process WorkingSet (physical memory assigned to process): 133M, peak: 133M
current process commit charge ("private bytes"): 269M, peak: 371M

vm_info: Java HotSpot(TM) 64-Bit Server VM (16+36-2231) for windows-amd64 JRE (16+36-2231), built on Feb  8 2021 11:43:10 by "mach5one" with MS VC++ 16.7 (VS2019)

END.
